----------------- version: 1.2.6 -------------------
- fixed bug "operators" sensitive case;
- spanish and english documentation;
- fixed bug in fields with DEFAULTS;
----------------------------------------------------

----------------- version: 1.2.5 -------------------
- fixed bug "inherits references" into install file;
- disable console warnings and time limit;
----------------------------------------------------

----------------- version: 1.2.4 -------------------
- fixed bug in db fkeys;
- improvements in output files;
- new sensitive case functionalities;
----------------------------------------------------

----------------- version: 1.2.3 -------------------
- output in right order;
- table names in lower case into install file;
- graphic user interface;
- sequences length more than 22 chars;
- pt_BR documantation;
----------------------------------------------------
